{
  "RSpec": {
    "coverage": {
      "/Users/tnodland/turing/3module/projects/to_sweater_or_not_to_sweater/app/services/darksky_service.rb": [
        1,
        1,
        3,
        null,
        null,
        1,
        1,
        1,
        1,
        1,
        1,
        null,
        0,
        null,
        null,
        null,
        1,
        null,
        1,
        null,
        3,
        3,
        null,
        null
      ],
      "/Users/tnodland/turing/3module/projects/to_sweater_or_not_to_sweater/app/services/flikr_service.rb": [
        1,
        1,
        2,
        2,
        2,
        2,
        2,
        2,
        2,
        2,
        2,
        2,
        2,
        2,
        2,
        2,
        2,
        null,
        null,
        null,
        1,
        null,
        1,
        null,
        2,
        2,
        null,
        null
      ],
      "/Users/tnodland/turing/3module/projects/to_sweater_or_not_to_sweater/app/services/google_service.rb": [
        1,
        1,
        3,
        3,
        null,
        null,
        null,
        1,
        2,
        2,
        2,
        2,
        null,
        null,
        null,
        null,
        1,
        1,
        null,
        4,
        4,
        5,
        null,
        null
      ],
      "/Users/tnodland/turing/3module/projects/to_sweater_or_not_to_sweater/app/services/yelp_service.rb": [
        1,
        1,
        1,
        null,
        null,
        1,
        1,
        1,
        1,
        1,
        1,
        1,
        null,
        null,
        null,
        1,
        1,
        null,
        1,
        1,
        1,
        null,
        null
      ],
      "/Users/tnodland/turing/3module/projects/to_sweater_or_not_to_sweater/app/controllers/api/v1/forecast_controller.rb": [
        1,
        1,
        1,
        1,
        null,
        null
      ],
      "/Users/tnodland/turing/3module/projects/to_sweater_or_not_to_sweater/app/controllers/application_controller.rb": [
        1,
        null
      ],
      "/Users/tnodland/turing/3module/projects/to_sweater_or_not_to_sweater/app/facades/forecast_facade.rb": [
        1,
        1,
        null,
        1,
        1,
        1,
        1,
        1,
        null,
        null,
        1,
        1,
        1,
        1,
        null,
        null,
        1,
        1,
        null,
        null,
        1,
        1,
        null,
        null,
        1,
        1,
        null,
        null,
        1,
        1,
        1,
        null,
        null,
        1,
        1,
        null,
        null,
        1,
        1,
        null,
        null,
        1,
        4,
        null,
        null,
        1,
        3,
        null,
        null,
        1,
        1,
        1,
        null,
        null
      ],
      "/Users/tnodland/turing/3module/projects/to_sweater_or_not_to_sweater/app/serializers/forecast_serializer.rb": [
        1,
        1,
        1,
        null,
        1,
        1,
        null,
        null,
        1,
        1,
        null,
        null,
        1,
        1,
        null,
        null,
        1,
        1,
        null,
        null
      ],
      "/Users/tnodland/turing/3module/projects/to_sweater_or_not_to_sweater/app/models/user.rb": [
        1,
        1,
        null
      ],
      "/Users/tnodland/turing/3module/projects/to_sweater_or_not_to_sweater/app/models/application_record.rb": [
        1,
        1,
        null
      ],
      "/Users/tnodland/turing/3module/projects/to_sweater_or_not_to_sweater/app/controllers/api/v1/road_trip_controller.rb": [
        1,
        1,
        1,
        1,
        1,
        null,
        0,
        null,
        null,
        null
      ],
      "/Users/tnodland/turing/3module/projects/to_sweater_or_not_to_sweater/app/facades/road_trip_facade.rb": [
        1,
        1,
        null,
        1,
        1,
        1,
        1,
        null,
        null,
        1,
        1,
        1,
        null,
        null,
        null,
        1,
        1,
        1,
        1,
        null,
        null,
        1,
        1,
        2,
        null,
        null,
        1,
        1,
        null,
        null,
        1,
        2,
        null,
        null
      ],
      "/Users/tnodland/turing/3module/projects/to_sweater_or_not_to_sweater/app/serializers/road_trip_serializer.rb": [
        1,
        1,
        1,
        null,
        1,
        1,
        null,
        null,
        1,
        1,
        null,
        null
      ],
      "/Users/tnodland/turing/3module/projects/to_sweater_or_not_to_sweater/app/controllers/api/v1/users_controller.rb": [
        1,
        1,
        2,
        2,
        2,
        2,
        1,
        null,
        1,
        null,
        null,
        null,
        1,
        null,
        1,
        2,
        null,
        null
      ],
      "/Users/tnodland/turing/3module/projects/to_sweater_or_not_to_sweater/app/serializers/user_serializer.rb": [
        1,
        1,
        1,
        null
      ],
      "/Users/tnodland/turing/3module/projects/to_sweater_or_not_to_sweater/app/controllers/api/v1/sessions_controller.rb": [
        1,
        1,
        2,
        1,
        1,
        1,
        null,
        null,
        1,
        null,
        null,
        null
      ],
      "/Users/tnodland/turing/3module/projects/to_sweater_or_not_to_sweater/app/mailers/application_mailer.rb": [
        0,
        0,
        0,
        0
      ],
      "/Users/tnodland/turing/3module/projects/to_sweater_or_not_to_sweater/app/models/restaurant.rb": [
        0,
        0,
        null,
        0,
        0,
        0,
        0,
        0,
        0,
        0,
        0,
        null,
        0,
        0,
        0,
        0
      ],
      "/Users/tnodland/turing/3module/projects/to_sweater_or_not_to_sweater/app/serializers/munchie_serializer.rb": [
        0,
        0,
        0,
        0
      ],
      "/Users/tnodland/turing/3module/projects/to_sweater_or_not_to_sweater/app/facades/munchie_facade.rb": [
        0,
        0,
        null,
        0,
        0,
        0,
        0,
        0,
        null,
        0,
        0,
        0,
        0,
        0,
        null,
        0,
        0,
        0,
        0,
        0,
        0,
        0,
        null,
        0,
        null,
        0,
        0,
        0,
        null,
        0,
        0,
        0,
        0
      ],
      "/Users/tnodland/turing/3module/projects/to_sweater_or_not_to_sweater/app/jobs/application_job.rb": [
        0,
        0
      ],
      "/Users/tnodland/turing/3module/projects/to_sweater_or_not_to_sweater/app/controllers/api/v1/munchies_controller.rb": [
        0,
        0,
        0,
        0,
        0,
        0,
        0,
        0,
        0
      ],
      "/Users/tnodland/turing/3module/projects/to_sweater_or_not_to_sweater/app/helpers/application_helper.rb": [
        0,
        0
      ],
      "/Users/tnodland/turing/3module/projects/to_sweater_or_not_to_sweater/app/channels/application_cable/connection.rb": [
        0,
        0,
        0,
        0
      ],
      "/Users/tnodland/turing/3module/projects/to_sweater_or_not_to_sweater/app/channels/application_cable/channel.rb": [
        0,
        0,
        0,
        0
      ]
    },
    "timestamp": 1564595736
  }
}
